우우
This repository is configured for Git LFS but 'git-lfs' was not found on your path. If you no longer wish to use Git LFS, remove this hook by deleting the 'post-commit' file in the hooks directory (set by 'core.hookspath'; usually '.git/hooks').

[main bfd23f8] backup Wed May 22 15:27:00 KST 2024
 2 files changed, 46 insertions(+)
 create mode 100644 Week3/TC.txt

This repository is configured for Git LFS but 'git-lfs' was not found on your path. If you no longer wish to use Git LFS, remove this hook by deleting the 'pre-push' file in the hooks directory (set by 'core.hookspath'; usually '.git/hooks').

error: failed to push some refs to 'https://github.com/judy-kimsohui/Kakao-Cloud-School.git'

This repository is configured for Git LFS but 'git-lfs' was not found on your path. If you no longer wish to use Git LFS, remove this hook by deleting the 'pre-push' file in the hooks directory (set by 'core.hookspath'; usually '.git/hooks').

error: failed to push some refs to 'github.com:100-hours-a-week/5-judy-kim-community.git'
[main a1abffe] backup Wed May 22 15:28:00 KST 2024
 1 file changed, 14 insertions(+), 1 deletion(-)
To https://github.com/judy-kimsohui/Kakao-Cloud-School.git
   db53201..a1abffe  main -> main
remote: 
remote: GitHub found 5 vulnerabilities on 100-hours-a-week/5-judy-kim-community's default branch (2 high, 3 moderate). To find out more, visit:        
remote:      https://github.com/100-hours-a-week/5-judy-kim-community/security/dependabot        
remote: 
To github.com:100-hours-a-week/5-judy-kim-community.git
   db53201..a1abffe  main -> main
[main c0440d7] backup Wed May 22 15:29:00 KST 2024
 1 file changed, 10 insertions(+)
To https://github.com/judy-kimsohui/Kakao-Cloud-School.git
   a1abffe..c0440d7  main -> main
remote: 
remote: GitHub found 5 vulnerabilities on 100-hours-a-week/5-judy-kim-community's default branch (2 high, 3 moderate). To find out more, visit:        
remote:      https://github.com/100-hours-a-week/5-judy-kim-community/security/dependabot        
remote: 
To github.com:100-hours-a-week/5-judy-kim-community.git
   a1abffe..c0440d7  main -> main
[main 5fa3636] backup Wed May 22 15:30:00 KST 2024
 2 files changed, 11 insertions(+), 1 deletion(-)
To https://github.com/judy-kimsohui/Kakao-Cloud-School.git
   c0440d7..5fa3636  main -> main
remote: 
remote: GitHub found 5 vulnerabilities on 100-hours-a-week/5-judy-kim-community's default branch (2 high, 3 moderate). To find out more, visit:        
remote:      https://github.com/100-hours-a-week/5-judy-kim-community/security/dependabot        
remote: 
To github.com:100-hours-a-week/5-judy-kim-community.git
   c0440d7..5fa3636  main -> main
[main 1fe3271] backup Wed May 22 15:31:00 KST 2024
 1 file changed, 10 insertions(+)
To https://github.com/judy-kimsohui/Kakao-Cloud-School.git
   5fa3636..1fe3271  main -> main
remote: 
remote: GitHub found 5 vulnerabilities on 100-hours-a-week/5-judy-kim-community's default branch (2 high, 3 moderate). To find out more, visit:        
remote:      https://github.com/100-hours-a-week/5-judy-kim-community/security/dependabot        
remote: 
To github.com:100-hours-a-week/5-judy-kim-community.git
   5fa3636..1fe3271  main -> main
[main adcb578] backup Wed May 22 15:32:01 KST 2024
 2 files changed, 11 insertions(+)
To https://github.com/judy-kimsohui/Kakao-Cloud-School.git
   1fe3271..adcb578  main -> main
remote: 
remote: GitHub found 5 vulnerabilities on 100-hours-a-week/5-judy-kim-community's default branch (2 high, 3 moderate). To find out more, visit:        
remote:      https://github.com/100-hours-a-week/5-judy-kim-community/security/dependabot        
remote: 
To github.com:100-hours-a-week/5-judy-kim-community.git
   1fe3271..adcb578  main -> main
[main d8f73cf] backup Wed May 22 15:33:01 KST 2024
 17 files changed, 269 insertions(+), 1 deletion(-)
 create mode 100644 .idea/.gitignore
 create mode 100644 .idea/inspectionProfiles/profiles_settings.xml
 create mode 100644 .idea/kakao HW.iml
 create mode 100644 .idea/misc.xml
 create mode 100644 .idea/modules.xml
 create mode 100644 .idea/vcs.xml
 create mode 100644 Week6/JavaTest/.idea/.gitignore
 create mode 100644 Week6/JavaTest/.idea/gradle.xml
 create mode 100644 Week6/JavaTest/.idea/misc.xml
 create mode 100644 Week6/JavaTest/.idea/vcs.xml
 create mode 100644 Week6/JudyTheater/.idea/.gitignore
 create mode 100644 Week6/JudyTheater/.idea/gradle.xml
 create mode 100644 Week6/JudyTheater/.idea/misc.xml
 create mode 100644 Week6/JudyTheater/.idea/uiDesigner.xml
 create mode 100644 Week6/JudyTheater/.idea/vcs.xml
To https://github.com/judy-kimsohui/Kakao-Cloud-School.git
   adcb578..d8f73cf  main -> main
remote: 
remote: GitHub found 5 vulnerabilities on 100-hours-a-week/5-judy-kim-community's default branch (2 high, 3 moderate). To find out more, visit:        
remote:      https://github.com/100-hours-a-week/5-judy-kim-community/security/dependabot        
remote: 
To github.com:100-hours-a-week/5-judy-kim-community.git
   adcb578..d8f73cf  main -> main
